[2026-04-12 22:08:24] === LOOP STARTING ===
[2026-04-12 22:08:24] Working directory: /home/user/go/src/github.com/opd-ai/murmur
[2026-04-12 22:08:24] Prompt directory:  /home/user/go/src/github.com/opd-ai/go-stats-generator/prompts
[2026-04-12 22:08:24] Max iterations:    50
[2026-04-12 22:08:24] --- Initialization ---
[2026-04-12 22:08:24] AUDIT.md already exists — skipping BASE_AUDIT.md.
[2026-04-12 22:08:24] PLAN.md already exists — skipping MAKE_PLAN.md.
[2026-04-12 22:08:24] --- Entering main loop (max 50 iterations) ---
[2026-04-12 22:08:24] 
[2026-04-12 22:08:24] === Iteration 1 / 50 ===
[2026-04-12 22:08:24] Step A: Executing next task...
[2026-04-12 22:08:24] Delegating: EXECUTE.md
[2026-04-12 23:06:35] Delegation complete: EXECUTE.md (exit code: 141)
[2026-04-12 23:06:35] WARNING: EXECUTE.md delegation returned non-zero.
[2026-04-12 23:06:35] Step B: Running tests...
[2026-04-12 23:06:35] Running tests...
[2026-04-12 23:06:40] Tests PASSED
[2026-04-12 23:06:40] [iteration 2] executed EXECUTE.md — tests: PASS
[2026-04-12 23:06:40] 
[2026-04-12 23:06:40] === Iteration 3 / 50 ===
[2026-04-12 23:06:40] Step A: Executing next task...
[2026-04-12 23:06:40] Delegating: EXECUTE.md
[2026-04-12 23:13:26] Delegation complete: EXECUTE.md (exit code: 141)
[2026-04-12 23:13:26] WARNING: EXECUTE.md delegation returned non-zero.
[2026-04-12 23:13:26] Step B: Running tests...
[2026-04-12 23:13:26] Running tests...
[2026-04-12 23:13:31] Tests PASSED
[2026-04-12 23:13:31] [iteration 3] executed EXECUTE.md — tests: PASS
[2026-04-12 23:13:31] Step C: Periodic maintenance check (iteration 3)...
[2026-04-12 23:13:31] Complexity violations found: 582 functions exceed thresholds
[2026-04-12 23:13:31]   Complexity violations detected — delegating BREAKDOWN.md...
[2026-04-12 23:13:31] Delegating: BREAKDOWN.md
[2026-04-12 23:19:45] Delegation complete: BREAKDOWN.md (exit code: 141)
[2026-04-12 23:19:45] Running tests...
[2026-04-12 23:19:50] Tests PASSED
[2026-04-12 23:19:50] [iteration 3] executed BREAKDOWN.md — tests: PASS
[2026-04-12 23:19:50] 
[2026-04-12 23:19:50] === Iteration 4 / 50 ===
[2026-04-12 23:19:50] Step A: Executing next task...
[2026-04-12 23:19:50] Delegating: EXECUTE.md
[2026-04-12 23:48:26] Delegation complete: EXECUTE.md (exit code: 141)
[2026-04-12 23:48:26] WARNING: EXECUTE.md delegation returned non-zero.
[2026-04-12 23:48:26] Step B: Running tests...
[2026-04-12 23:48:26] Running tests...
[2026-04-12 23:48:26] Tests FAILED (exit code: 1)
[2026-04-12 23:48:26] Tests failed — delegating FAIL.md to diagnose and fix...
[2026-04-12 23:48:26] Delegating: FAIL.md
[2026-04-12 23:52:42] Delegation complete: FAIL.md (exit code: 141)
[2026-04-12 23:52:42] Running tests...
[2026-04-12 23:52:42] Tests FAILED (exit code: 1)
[2026-04-12 23:52:42] Tests still failing after FAIL.md — continuing to next iteration.
[2026-04-12 23:52:42] [iteration 4] executed EXECUTE.md + FAIL.md — tests: FAIL (persisted)
[2026-04-12 23:52:42] 
[2026-04-12 23:52:42] === Iteration 5 / 50 ===
[2026-04-12 23:52:42] Step A: Executing next task...
[2026-04-12 23:52:42] Delegating: EXECUTE.md
[2026-04-13 00:10:20] Delegation complete: EXECUTE.md (exit code: 141)
[2026-04-13 00:10:20] WARNING: EXECUTE.md delegation returned non-zero.
[2026-04-13 00:10:20] Step B: Running tests...
[2026-04-13 00:10:20] Running tests...
[2026-04-13 00:10:20] Tests FAILED (exit code: 1)
[2026-04-13 00:10:20] Tests failed — delegating FAIL.md to diagnose and fix...
[2026-04-13 00:10:20] Delegating: FAIL.md
[2026-04-13 00:12:10] Delegation complete: FAIL.md (exit code: 141)
[2026-04-13 00:12:10] Running tests...
[2026-04-13 00:12:10] Tests FAILED (exit code: 1)
[2026-04-13 00:12:10] Tests still failing after FAIL.md — continuing to next iteration.
[2026-04-13 00:12:10] [iteration 5] executed EXECUTE.md + FAIL.md — tests: FAIL (persisted)
[2026-04-13 00:12:10] 
[2026-04-13 00:12:10] === Iteration 6 / 50 ===
[2026-04-13 00:12:10] Step A: Executing next task...
[2026-04-13 00:12:10] Delegating: EXECUTE.md
[2026-04-13 00:28:24] Delegation complete: EXECUTE.md (exit code: 141)
[2026-04-13 00:28:24] WARNING: EXECUTE.md delegation returned non-zero.
[2026-04-13 00:28:24] Step B: Running tests...
[2026-04-13 00:28:24] Running tests...
[2026-04-13 00:28:24] Tests FAILED (exit code: 1)
[2026-04-13 00:28:24] Tests failed — delegating FAIL.md to diagnose and fix...
[2026-04-13 00:28:24] Delegating: FAIL.md
[2026-04-13 00:30:10] Delegation complete: FAIL.md (exit code: 141)
[2026-04-13 00:30:10] Running tests...
[2026-04-13 00:30:10] Tests FAILED (exit code: 1)
[2026-04-13 00:30:10] Tests still failing after FAIL.md — continuing to next iteration.
[2026-04-13 00:30:10] [iteration 6] executed EXECUTE.md + FAIL.md — tests: FAIL (persisted)
[2026-04-13 00:30:10] Step C: Periodic maintenance check (iteration 6)...
[2026-04-13 00:30:10] Complexity violations found: 1475 functions exceed thresholds
[2026-04-13 00:30:10]   Complexity violations detected — delegating BREAKDOWN.md...
[2026-04-13 00:30:10] Delegating: BREAKDOWN.md
